<?xml version="1.0" encoding="UTF-8"?>
<testsuite name="nl.tudelft.jpacman.board.BoardTest" tests="5" skipped="0" failures="0" errors="0" timestamp="2024-02-05T06:16:03" hostname="moes-MBP.domain" time="0.242">
  <properties/>
  <testcase name="verifyWidth()" classname="nl.tudelft.jpacman.board.BoardTest" time="0.117"/>
  <testcase name="verifyHeight()" classname="nl.tudelft.jpacman.board.BoardTest" time="0.0"/>
  <testcase name="testSquareAt(int, int)[1]" classname="nl.tudelft.jpacman.board.BoardTest" time="0.028"/>
  <testcase name="testSquareAt(int, int)[2]" classname="nl.tudelft.jpacman.board.BoardTest" time="0.001"/>
  <testcase name="testSquareAt(int, int)[3]" classname="nl.tudelft.jpacman.board.BoardTest" time="0.001"/>
  <system-out><![CDATA[]]></system-out>
  <system-err><![CDATA[]]></system-err>
</testsuite>
