<?xml version="1.0" encoding="UTF-8"?>
<testsuite name="nl.tudelft.jpacman.integration.StartupSystemTest" tests="1" skipped="0" failures="0" errors="0" timestamp="2024-02-05T06:16:04" hostname="moes-MBP.domain" time="3.246">
  <properties/>
  <testcase name="gameIsRunning()" classname="nl.tudelft.jpacman.integration.StartupSystemTest" time="3.246"/>
  <system-out><![CDATA[]]></system-out>
  <system-err><![CDATA[]]></system-err>
</testsuite>
