<?xml version="1.0" encoding="UTF-8"?>
<testsuite name="nl.tudelft.jpacman.board.PlayerTestMoveDown" tests="1" skipped="0" failures="0" errors="0" timestamp="2024-02-05T06:16:10" hostname="moes-MBP.domain" time="0.001">
  <properties/>
  <testcase name="moveRight()" classname="nl.tudelft.jpacman.board.PlayerTestMoveDown" time="0.001"/>
  <system-out><![CDATA[]]></system-out>
  <system-err><![CDATA[]]></system-err>
</testsuite>
